<?xml version="1.0" encoding="UTF-8" standalone="no"?><testsuite errors="1" failures="0" name="As an user of the movie application, I want to get all the information about a specific movie" skipped="0" tests="1" time="0.08" timestamp="2024-11-04 08:00:24"><testcase name="Get information about one specific movie sending its id"><error message="No stage available - it looks like you haven't called the setTheStage() method before calling this one." type="net.serenitybdd.screenplay.actors.NoStageException">No stage available - it looks like you haven't called the setTheStage() method before calling this one.</error><system-err>No stage available - it looks like you haven't called the setTheStage() method before calling this one.
com.apimovies.apimovies.stepdefinitions.GetStepDefinitions.iAmConnectedToTheMovieApplication(GetStepDefinitions.java:18)
✽.I am connected to the movie application(file:///home/cristian/Documents/udea/calidad/apimovies/src/test/resources/features/get_movie.feature:8)
</system-err></testcase></testsuite>