<?xml version="1.0" encoding="UTF-8" standalone="no"?><testsuite errors="1" failures="0" name="As a user of the movie application, I want to edit an existing movie" skipped="0" tests="2" time="0.04" timestamp="2024-11-06 01:07:38"><testcase name="Update a movie successfully"><error message="Cannot invoke &quot;io.restassured.response.Response.then()&quot; because &quot;this.response&quot; is null" type="java.lang.NullPointerException">Cannot invoke "io.restassured.response.Response.then()" because "this.response" is null</error><system-err>Cannot invoke "io.restassured.response.Response.then()" because "this.response" is null
com.apimovies.apimovies.stepdefinitions.PostMovieStepsDefinitions.theResponseShouldContainTheMovieDetails(PostMovieStepsDefinitions.java:41)
✽.the response should contain the movie details(file:///home/cristian/Documents/udea/calidad/apimovies/src/test/resources/features/put_movie.feature:11)
</system-err></testcase><testcase name="Update a non-existent movie"/></testsuite>