<?xml version="1.0" encoding="UTF-8" standalone="no"?><testsuite errors="0" failures="1" name="As a user of the movie application, I want to delete an existing movie" skipped="0" tests="2" time="0.89" timestamp="2024-11-06 12:40:22"><testcase name="Delete an existing movie successfully"><failure message="1 expectation failed.&#10;Expected status code &lt;200&gt; but was &lt;404&gt;.&#10;" type="java.lang.AssertionError">1 expectation failed.
Expected status code &lt;200&gt; but was &lt;404&gt;.
</failure><system-err>1 expectation failed.
Expected status code &lt;200&gt; but was &lt;404&gt;.

io.restassured.internal.ResponseSpecificationImpl.validateResponseIfRequired(ResponseSpecificationImpl.groovy:696)
io.restassured.internal.ResponseSpecificationImpl.this$2$validateResponseIfRequired(ResponseSpecificationImpl.groovy)
io.restassured.internal.ResponseSpecificationImpl.statusCode(ResponseSpecificationImpl.groovy:135)
io.restassured.internal.ResponseSpecificationImpl.statusCode(ResponseSpecificationImpl.groovy:143)
io.restassured.internal.ValidatableResponseOptionsImpl.statusCode(ValidatableResponseOptionsImpl.java:89)
com.apimovies.apimovies.stepdefinitions.DeleteMovieStepDefinitions.theMovieShouldBeDeletedSuccessfully(DeleteMovieStepDefinitions.java:25)
✽.the movie should be deleted successfully(file:///home/cristian/Documents/udea/calidad/apimovies/src/test/resources/features/delete_movie.feature:11)
</system-err></testcase><testcase name="Delete a non-existent movie"/></testsuite>