<?xml version="1.0" encoding="UTF-8" standalone="no"?><testsuite errors="2" failures="0" name="As a user of the movie application, I want to edit a existing movie" skipped="0" tests="2" time="0.06" timestamp="2024-11-06 06:43:46"><testcase name="Update a movie successfully"><error message="Cannot invoke &quot;io.restassured.response.Response.then()&quot; because &quot;this.response&quot; is null" type="java.lang.NullPointerException">Cannot invoke "io.restassured.response.Response.then()" because "this.response" is null</error><system-err>Cannot invoke "io.restassured.response.Response.then()" because "this.response" is null
com.apimovies.apimovies.stepdefinitions.PostMovieStepsDefinitions.theResponseShouldContainTheMovieDetails(PostMovieStepsDefinitions.java:41)
✽.the response should contain the movie details(file:///home/cristian/Documents/udea/calidad/apimovies/src/test/resources/features/put_movie.feature:11)
</system-err></testcase><testcase name="Update a movie with invalid data"><error message="Cannot invoke &quot;io.restassured.response.Response.then()&quot; because &quot;this.response&quot; is null" type="java.lang.NullPointerException">Cannot invoke "io.restassured.response.Response.then()" because "this.response" is null</error><system-err>Cannot invoke "io.restassured.response.Response.then()" because "this.response" is null
com.apimovies.apimovies.stepdefinitions.PostMovieStepsDefinitions.iShouldReceiveABadRequestError(PostMovieStepsDefinitions.java:66)
✽.I should receive a bad request error(file:///home/cristian/Documents/udea/calidad/apimovies/src/test/resources/features/put_movie.feature:15)
</system-err></testcase></testsuite>